2023-12-10 19:45:15,166 INFO o.a.j.u.JMeterUtils: Setting Locale to en_EN
2023-12-10 19:45:15,183 INFO o.a.j.JMeter: Loading user properties from: C:\JMeter\apache-jmeter-5.5\bin\user.properties
2023-12-10 19:45:15,184 INFO o.a.j.JMeter: Loading system properties from: C:\JMeter\apache-jmeter-5.5\bin\system.properties
2023-12-10 19:45:15,196 INFO o.a.j.JMeter: Copyright (c) 1998-2022 The Apache Software Foundation
2023-12-10 19:45:15,197 INFO o.a.j.JMeter: Version 5.5
2023-12-10 19:45:15,197 INFO o.a.j.JMeter: java.version=1.8.0_391
2023-12-10 19:45:15,197 INFO o.a.j.JMeter: java.vm.name=Java HotSpot(TM) Client VM
2023-12-10 19:45:15,197 INFO o.a.j.JMeter: os.name=Windows 11
2023-12-10 19:45:15,197 INFO o.a.j.JMeter: os.arch=x86
2023-12-10 19:45:15,197 INFO o.a.j.JMeter: os.version=10.0
2023-12-10 19:45:15,197 INFO o.a.j.JMeter: file.encoding=Cp1252
2023-12-10 19:45:15,197 INFO o.a.j.JMeter: java.awt.headless=null
2023-12-10 19:45:15,198 INFO o.a.j.JMeter: Max memory     =1073741824
2023-12-10 19:45:15,198 INFO o.a.j.JMeter: Available Processors =8
2023-12-10 19:45:15,203 INFO o.a.j.JMeter: Default Locale=English (EN)
2023-12-10 19:45:15,203 INFO o.a.j.JMeter: JMeter  Locale=English (EN)
2023-12-10 19:45:15,203 INFO o.a.j.JMeter: JMeterHome=C:\JMeter\apache-jmeter-5.5
2023-12-10 19:45:15,203 INFO o.a.j.JMeter: user.dir  =C:\SEBI\_github\scraper_JMeter
2023-12-10 19:45:15,204 INFO o.a.j.JMeter: PWD       =C:\SEBI\_github\scraper_JMeter
2023-12-10 19:45:15,206 INFO o.a.j.JMeter: IP: 192.168.1.3 Name: EPROBUCW00F1 FullName: EPROBUCW00F1
2023-12-10 19:45:15,249 INFO o.a.j.JMeter: Loaded icon properties from org/apache/jmeter/images/icon.properties
2023-12-10 19:45:15,458 INFO o.a.j.JMeterGuiLauncher: Setting LAF to: laf:javax.swing.plaf.metal.MetalLookAndFeel
2023-12-10 19:45:17,594 INFO o.j.r.JARSourceHTTP: Requesting https://jmeter-plugins.org/repo/?installID=windows_11-26e06868cfc1f33d70b7309abd21fc4b-gui
2023-12-10 19:45:18,554 INFO o.a.j.JMeterGuiLauncher: Loading file: JMeter_scraper_arobs.jmx
2023-12-10 19:45:18,557 INFO o.a.j.s.FileServer: Default base='C:\SEBI\_github\scraper_JMeter'
2023-12-10 19:45:18,558 INFO o.a.j.s.FileServer: Set new base='C:\SEBI\_github\scraper_JMeter'
2023-12-10 19:45:18,727 INFO o.a.j.s.SaveService: Testplan (JMX) version: 2.2. Testlog (JTL) version: 2.2
2023-12-10 19:45:18,745 INFO o.a.j.s.SaveService: Using SaveService properties file encoding UTF-8
2023-12-10 19:45:18,746 INFO o.a.j.s.SaveService: Using SaveService properties version 5.0
2023-12-10 19:45:18,749 INFO o.a.j.s.SaveService: Loading file: JMeter_scraper_arobs.jmx
2023-12-10 19:45:18,905 INFO o.a.j.p.h.s.HTTPSamplerBase: Parser for text/html is org.apache.jmeter.protocol.http.parser.LagartoBasedHtmlParser
2023-12-10 19:45:18,905 INFO o.a.j.p.h.s.HTTPSamplerBase: Parser for application/xhtml+xml is org.apache.jmeter.protocol.http.parser.LagartoBasedHtmlParser
2023-12-10 19:45:18,905 INFO o.a.j.p.h.s.HTTPSamplerBase: Parser for application/xml is org.apache.jmeter.protocol.http.parser.LagartoBasedHtmlParser
2023-12-10 19:45:18,905 INFO o.a.j.p.h.s.HTTPSamplerBase: Parser for text/xml is org.apache.jmeter.protocol.http.parser.LagartoBasedHtmlParser
2023-12-10 19:45:18,905 INFO o.a.j.p.h.s.HTTPSamplerBase: Parser for text/vnd.wap.wml is org.apache.jmeter.protocol.http.parser.RegexpHTMLParser
2023-12-10 19:45:18,906 INFO o.a.j.p.h.s.HTTPSamplerBase: Parser for text/css is org.apache.jmeter.protocol.http.parser.CssParser
2023-12-10 19:45:19,005 INFO o.a.j.s.FileServer: Set new base='C:\SEBI\_github\scraper_JMeter'
2023-12-10 19:45:19,370 INFO o.a.j.s.SampleResult: Note: Sample TimeStamps are START times
2023-12-10 19:45:19,370 INFO o.a.j.s.SampleResult: sampleresult.default.encoding is set to ISO-8859-1
2023-12-10 19:45:19,370 INFO o.a.j.s.SampleResult: sampleresult.useNanoTime=true
2023-12-10 19:45:19,370 INFO o.a.j.s.SampleResult: sampleresult.nanoThreadSleep=5000
2023-12-10 19:45:20,695 INFO o.j.r.PluginManager: Plugins Status: [jpgc-dummy=0.4, jpgc-plugins-manager=1.10, bzm-random-csv=0.8, jmeter-core=5.5, jmeter-ftp=5.5, jmeter-http=5.5, jmeter-jdbc=5.5, jmeter-jms=5.5, jmeter-junit=5.5, jmeter-java=5.5, jmeter-ldap=5.5, jmeter-mail=5.5, jmeter-mongodb=5.5, jmeter-native=5.5, jmeter-tcp=5.5, jmeter-components=5.5]
2023-12-10 19:45:27,186 INFO o.a.j.e.StandardJMeterEngine: Running the test!
2023-12-10 19:45:27,186 INFO o.a.j.s.SampleEvent: List of sample_variables: []
2023-12-10 19:45:27,187 INFO o.a.j.s.SampleEvent: List of sample_variables: []
2023-12-10 19:45:27,187 INFO o.a.j.e.u.CompoundVariable: Note: Function class names must contain the string: '.functions.'
2023-12-10 19:45:27,187 INFO o.a.j.e.u.CompoundVariable: Note: Function class names must not contain the string: '.gui.'
2023-12-10 19:45:27,399 INFO o.a.j.g.u.JMeterMenuBar: setRunning(true, *local*)
2023-12-10 19:45:27,502 INFO o.a.j.e.StandardJMeterEngine: Starting ThreadGroup: 1 : arobs.ro
2023-12-10 19:45:27,502 INFO o.a.j.e.StandardJMeterEngine: Starting 1 threads for group arobs.ro.
2023-12-10 19:45:27,502 INFO o.a.j.e.StandardJMeterEngine: Thread will continue on error
2023-12-10 19:45:27,502 INFO o.a.j.t.ThreadGroup: Starting thread group... number=1 threads=1 ramp-up=1 delayedStart=false
2023-12-10 19:45:27,507 INFO o.a.j.t.ThreadGroup: Started thread group number 1
2023-12-10 19:45:27,507 INFO o.a.j.e.StandardJMeterEngine: All thread groups have been started
2023-12-10 19:45:27,509 INFO o.a.j.t.JMeterThread: Thread started: arobs.ro 1-1
2023-12-10 19:45:27,518 INFO o.a.j.p.h.s.HTTPHCAbstractImpl: Local host = EPROBUCW00F1
2023-12-10 19:45:27,521 INFO o.a.j.p.h.s.HTTPHC4Impl: HTTP request retry count = 0
2023-12-10 19:45:27,624 INFO o.a.j.p.h.s.h.LazyLayeredConnectionSocketFactory: Setting up HTTPS TrustAll Socket Factory
2023-12-10 19:45:27,626 INFO o.a.j.u.JsseSSLManager: Using default SSL protocol: TLS
2023-12-10 19:45:27,626 INFO o.a.j.u.JsseSSLManager: SSL session context: per-thread
2023-12-10 19:45:27,642 INFO o.a.j.u.SSLManager: JmeterKeyStore Location:  type JKS
2023-12-10 19:45:27,642 INFO o.a.j.u.SSLManager: KeyStore created OK
2023-12-10 19:45:27,643 WARN o.a.j.u.SSLManager: Keystore file not found, loading empty keystore
2023-12-10 19:45:32,289 INFO o.a.j.p.j.s.J.3130 - Cybersecurity Engineer: Cluj-Napoca
2023-12-10 19:45:32,305 INFO o.a.j.p.j.s.J.3093 - Embedded C SW Engineer - Linux/RTOS: Bucharest
2023-12-10 19:45:32,306 INFO o.a.j.p.j.s.J.3092 - Embedded C SW Engineer - AUTOSAR BSW Integration: Bucharest
2023-12-10 19:45:34,198 INFO o.a.j.t.JMeterThread: Thread is done: arobs.ro 1-1
2023-12-10 19:45:34,199 INFO o.a.j.t.JMeterThread: Thread finished: arobs.ro 1-1
2023-12-10 19:45:34,202 INFO o.a.j.e.StandardJMeterEngine: Notifying test listeners of end of test
2023-12-10 19:45:34,202 INFO o.a.j.g.u.JMeterMenuBar: setRunning(false, *local*)
