2023-12-17 10:34:22,309 INFO o.a.j.u.JMeterUtils: Setting Locale to en_EN
2023-12-17 10:34:22,321 INFO o.a.j.JMeter: Loading user properties from: /opt/homebrew/Cellar/jmeter/5.6.2/libexec/bin/user.properties
2023-12-17 10:34:22,321 INFO o.a.j.JMeter: Loading system properties from: /opt/homebrew/Cellar/jmeter/5.6.2/libexec/bin/system.properties
2023-12-17 10:34:22,324 INFO o.a.j.JMeter: Copyright (c) 1998-2023 The Apache Software Foundation
2023-12-17 10:34:22,324 INFO o.a.j.JMeter: Version 5.6.2
2023-12-17 10:34:22,324 INFO o.a.j.JMeter: java.version=21.0.1
2023-12-17 10:34:22,324 INFO o.a.j.JMeter: java.vm.name=OpenJDK 64-Bit Server VM
2023-12-17 10:34:22,324 INFO o.a.j.JMeter: os.name=Mac OS X
2023-12-17 10:34:22,324 INFO o.a.j.JMeter: os.arch=aarch64
2023-12-17 10:34:22,324 INFO o.a.j.JMeter: os.version=13.5.1
2023-12-17 10:34:22,324 INFO o.a.j.JMeter: file.encoding=UTF-8
2023-12-17 10:34:22,324 INFO o.a.j.JMeter: java.awt.headless=true
2023-12-17 10:34:22,324 INFO o.a.j.JMeter: Max memory     =1073741824
2023-12-17 10:34:22,324 INFO o.a.j.JMeter: Available Processors =8
2023-12-17 10:34:22,330 INFO o.a.j.JMeter: Default Locale=English (EN)
2023-12-17 10:34:22,330 INFO o.a.j.JMeter: JMeter  Locale=English (EN)
2023-12-17 10:34:22,330 INFO o.a.j.JMeter: JMeterHome=/opt/homebrew/Cellar/jmeter/5.6.2/libexec
2023-12-17 10:34:22,330 INFO o.a.j.JMeter: user.dir  =/Users/laurentiumarianbaluta/Desktop/Test branch GitHub/scraper_Api/scraper_Api/scrapers/spider_web_scraper_jmeker/sites
2023-12-17 10:34:22,330 INFO o.a.j.JMeter: PWD       =/Users/laurentiumarianbaluta/Desktop/Test branch GitHub/scraper_Api/scraper_Api/scrapers/spider_web_scraper_jmeker/sites
2023-12-17 10:34:22,331 INFO o.a.j.JMeter: IP: 127.0.0.1 Name: MacBook-Pro-Laurentiu.local FullName: localhost
2023-12-17 10:34:22,339 INFO o.a.j.s.FileServer: Default base='/Users/laurentiumarianbaluta/Desktop/Test branch GitHub/scraper_Api/scraper_Api/scrapers/spider_web_scraper_jmeker/sites'
2023-12-17 10:34:22,340 INFO o.a.j.s.FileServer: Set new base='/Users/laurentiumarianbaluta/Desktop/Test branch GitHub/scraper_Api/scraper_Api/scrapers/spider_web_scraper_jmeker/sites'
2023-12-17 10:34:22,437 INFO o.a.j.s.SaveService: Testplan (JMX) version: 2.2. Testlog (JTL) version: 2.2
2023-12-17 10:34:22,461 INFO o.a.j.s.SaveService: Using SaveService properties version 5.0
2023-12-17 10:34:22,462 INFO o.a.j.s.SaveService: Using SaveService properties file encoding UTF-8
2023-12-17 10:34:22,463 INFO o.a.j.s.SaveService: Loading file: yardi.jmx
2023-12-17 10:34:22,500 INFO o.a.j.p.h.s.HTTPSamplerBase: Parser for text/html is org.apache.jmeter.protocol.http.parser.LagartoBasedHtmlParser
2023-12-17 10:34:22,500 INFO o.a.j.p.h.s.HTTPSamplerBase: Parser for application/xhtml+xml is org.apache.jmeter.protocol.http.parser.LagartoBasedHtmlParser
2023-12-17 10:34:22,500 INFO o.a.j.p.h.s.HTTPSamplerBase: Parser for application/xml is org.apache.jmeter.protocol.http.parser.LagartoBasedHtmlParser
2023-12-17 10:34:22,500 INFO o.a.j.p.h.s.HTTPSamplerBase: Parser for text/xml is org.apache.jmeter.protocol.http.parser.LagartoBasedHtmlParser
2023-12-17 10:34:22,500 INFO o.a.j.p.h.s.HTTPSamplerBase: Parser for text/vnd.wap.wml is org.apache.jmeter.protocol.http.parser.RegexpHTMLParser
2023-12-17 10:34:22,500 INFO o.a.j.p.h.s.HTTPSamplerBase: Parser for text/css is org.apache.jmeter.protocol.http.parser.CssParser
2023-12-17 10:34:22,544 INFO o.a.j.JMeter: Creating summariser <summary>
2023-12-17 10:34:22,549 INFO o.a.j.e.StandardJMeterEngine: Running the test!
2023-12-17 10:34:22,549 INFO o.a.j.s.SampleEvent: List of sample_variables: []
2023-12-17 10:34:22,549 INFO o.a.j.s.SampleEvent: List of sample_variables: []
2023-12-17 10:34:22,551 INFO o.a.j.e.u.CompoundVariable: Note: Function class names must contain the string: '.functions.'
2023-12-17 10:34:22,551 INFO o.a.j.e.u.CompoundVariable: Note: Function class names must not contain the string: '.gui.'
2023-12-17 10:34:22,574 INFO o.a.j.r.ClassFinder: Will scan jar /opt/homebrew/Cellar/jmeter/5.6.2/libexec/lib/ext/jmeter-plugins-dummy-0.4.jar with filter ExtendsClassFilter [parents=[interface org.apache.jmeter.functions.Function], inner=false, contains=null, notContains=null]. Consider exposing JMeter plugins via META-INF/services, and add JMeter-Skip-Class-Scanning=true manifest attribute so JMeter can skip classfile scanning
2023-12-17 10:34:22,576 INFO o.a.j.r.ClassFinder: Will scan jar /opt/homebrew/Cellar/jmeter/5.6.2/libexec/lib/ext/jmeter-plugins-manager-1.9.jar with filter ExtendsClassFilter [parents=[interface org.apache.jmeter.functions.Function], inner=false, contains=null, notContains=null]. Consider exposing JMeter plugins via META-INF/services, and add JMeter-Skip-Class-Scanning=true manifest attribute so JMeter can skip classfile scanning
2023-12-17 10:34:22,715 INFO o.a.j.JMeter: Running test (1702809262715)
2023-12-17 10:34:22,726 INFO o.a.j.e.StandardJMeterEngine: Starting ThreadGroup: 1 : Yardi
2023-12-17 10:34:22,726 INFO o.a.j.e.StandardJMeterEngine: Starting 1 threads for group Yardi.
2023-12-17 10:34:22,726 INFO o.a.j.e.StandardJMeterEngine: Thread will continue on error
2023-12-17 10:34:22,726 INFO o.a.j.t.ThreadGroup: Starting thread group... number=1 threads=1 ramp-up=1 delayedStart=false
2023-12-17 10:34:22,729 INFO o.a.j.t.ThreadGroup: Started thread group number 1
2023-12-17 10:34:22,729 INFO o.a.j.e.StandardJMeterEngine: All thread groups have been started
2023-12-17 10:34:22,730 INFO o.a.j.t.JMeterThread: Thread started: Yardi 1-1
2023-12-17 10:34:22,738 INFO o.a.j.p.h.s.HTTPHCAbstractImpl: Local host = MacBook-Pro-Laurentiu.local
2023-12-17 10:34:22,741 INFO o.a.j.p.h.s.HTTPHC4Impl: HTTP request retry count = 0
2023-12-17 10:34:22,741 INFO o.a.j.s.SampleResult: Note: Sample TimeStamps are START times
2023-12-17 10:34:22,741 INFO o.a.j.s.SampleResult: sampleresult.default.encoding is set to UTF-8
2023-12-17 10:34:22,741 INFO o.a.j.s.SampleResult: sampleresult.useNanoTime=true
2023-12-17 10:34:22,741 INFO o.a.j.s.SampleResult: sampleresult.nanoThreadSleep=5000
2023-12-17 10:34:22,779 INFO o.a.j.p.h.s.h.LazyLayeredConnectionSocketFactory: Setting up HTTPS TrustAll Socket Factory
2023-12-17 10:34:22,782 INFO o.a.j.u.JsseSSLManager: Using default SSL protocol: TLS
2023-12-17 10:34:22,782 INFO o.a.j.u.JsseSSLManager: SSL session context: per-thread
2023-12-17 10:34:22,854 INFO o.a.j.u.SSLManager: JmeterKeyStore Location:  type JKS
2023-12-17 10:34:22,856 INFO o.a.j.u.SSLManager: KeyStore created OK
2023-12-17 10:34:22,856 WARN o.a.j.u.SSLManager: Keystore file not found, loading empty keystore
2023-12-17 10:34:27,428 INFO o.a.j.t.JMeterThread: Thread is done: Yardi 1-1
2023-12-17 10:34:27,428 INFO o.a.j.t.JMeterThread: Thread finished: Yardi 1-1
2023-12-17 10:34:27,430 INFO o.a.j.e.StandardJMeterEngine: Notifying test listeners of end of test
2023-12-17 10:34:27,432 INFO o.a.j.r.Summariser: summary =     20 in 00:00:05 =    4.2/s Avg:   221 Min:     0 Max:  1436 Err:     0 (0.00%)
